<?xml version="1.0" encoding="UTF-8" ?>
<testsuites>
 <testsuite name="User chat API" timestamp="2016-12-17T19:55:04" hostname="localhost" time="10.008" errors="0" tests="2" skipped="0" disabled="0" failures="6">
  <testcase classname="User chat API" name="should get user session information on connect" time="5.005">
   <failure type="exception" message="Error: Timeout - Async callback was not invoked within timeout specified by jasmine.DEFAULT_TIMEOUT_INTERVAL."><![CDATA[Error: Timeout - Async callback was not invoked within timeout specified by jasmine.DEFAULT_TIMEOUT_INTERVAL.
    at Timeout._onTimeout (/home/birkirfreyr/Desktop/3vikna/dt1/reference-tictactoe/node_modules/jasmine-core/lib/jasmine-core/jasmine.js:1973:23)
    at ontimeout (timers.js:365:14)
    at tryOnTimeout (timers.js:237:5)
    at Timer.listOnTimeout (timers.js:207:5)]]>
   </failure>
   <failure type="exception" message="TypeError: Cannot read property &apos;expectUserAck&apos; of undefined"><![CDATA[TypeError: Cannot read property 'expectUserAck' of undefined
    at Object.<anonymous> (/home/birkirfreyr/Desktop/3vikna/dt1/reference-tictactoe/apitest/chat.spec.js:34:13)
    at attemptAsync (/home/birkirfreyr/Desktop/3vikna/dt1/reference-tictactoe/node_modules/jasmine-core/lib/jasmine-core/jasmine.js:1980:24)
    at QueueRunner.run (/home/birkirfreyr/Desktop/3vikna/dt1/reference-tictactoe/node_modules/jasmine-core/lib/jasmine-core/jasmine.js:1935:9)
    at /home/birkirfreyr/Desktop/3vikna/dt1/reference-tictactoe/node_modules/jasmine-core/lib/jasmine-core/jasmine.js:1962:16
    at /home/birkirfreyr/Desktop/3vikna/dt1/reference-tictactoe/node_modules/jasmine-core/lib/jasmine-core/jasmine.js:1905:9
    at Timeout.<anonymous> (/home/birkirfreyr/Desktop/3vikna/dt1/reference-tictactoe/node_modules/jasmine-core/lib/jasmine-core/jasmine.js:1975:11)
    at ontimeout (timers.js:365:14)
    at tryOnTimeout (timers.js:237:5)
    at Timer.listOnTimeout (timers.js:207:5)]]>
   </failure>
   <failure type="exception" message="TypeError: Cannot read property &apos;disconnect&apos; of undefined"><![CDATA[TypeError: Cannot read property 'disconnect' of undefined
    at Object.<anonymous> (/home/birkirfreyr/Desktop/3vikna/dt1/reference-tictactoe/apitest/chat.spec.js:29:13)
    at attemptSync (/home/birkirfreyr/Desktop/3vikna/dt1/reference-tictactoe/node_modules/jasmine-core/lib/jasmine-core/jasmine.js:1950:24)
    at QueueRunner.run (/home/birkirfreyr/Desktop/3vikna/dt1/reference-tictactoe/node_modules/jasmine-core/lib/jasmine-core/jasmine.js:1938:9)
    at /home/birkirfreyr/Desktop/3vikna/dt1/reference-tictactoe/node_modules/jasmine-core/lib/jasmine-core/jasmine.js:1962:16
    at /home/birkirfreyr/Desktop/3vikna/dt1/reference-tictactoe/node_modules/jasmine-core/lib/jasmine-core/jasmine.js:1905:9
    at attemptAsync (/home/birkirfreyr/Desktop/3vikna/dt1/reference-tictactoe/node_modules/jasmine-core/lib/jasmine-core/jasmine.js:1983:9)
    at QueueRunner.run (/home/birkirfreyr/Desktop/3vikna/dt1/reference-tictactoe/node_modules/jasmine-core/lib/jasmine-core/jasmine.js:1935:9)
    at /home/birkirfreyr/Desktop/3vikna/dt1/reference-tictactoe/node_modules/jasmine-core/lib/jasmine-core/jasmine.js:1962:16
    at /home/birkirfreyr/Desktop/3vikna/dt1/reference-tictactoe/node_modules/jasmine-core/lib/jasmine-core/jasmine.js:1905:9
    at Timeout.<anonymous> (/home/birkirfreyr/Desktop/3vikna/dt1/reference-tictactoe/node_modules/jasmine-core/lib/jasmine-core/jasmine.js:1975:11)]]>
   </failure>
  </testcase>
  <testcase classname="User chat API" name="should receive chat message back after sending chat command" time="5.001">
   <failure type="exception" message="Error: Timeout - Async callback was not invoked within timeout specified by jasmine.DEFAULT_TIMEOUT_INTERVAL."><![CDATA[Error: Timeout - Async callback was not invoked within timeout specified by jasmine.DEFAULT_TIMEOUT_INTERVAL.
    at Timeout._onTimeout (/home/birkirfreyr/Desktop/3vikna/dt1/reference-tictactoe/node_modules/jasmine-core/lib/jasmine-core/jasmine.js:1973:23)
    at ontimeout (timers.js:365:14)
    at tryOnTimeout (timers.js:237:5)
    at Timer.listOnTimeout (timers.js:207:5)]]>
   </failure>
   <failure type="exception" message="TypeError: Cannot read property &apos;expectChatMessageReceived&apos; of undefined"><![CDATA[TypeError: Cannot read property 'expectChatMessageReceived' of undefined
    at Object.<anonymous> (/home/birkirfreyr/Desktop/3vikna/dt1/reference-tictactoe/apitest/chat.spec.js:39:13)
    at attemptAsync (/home/birkirfreyr/Desktop/3vikna/dt1/reference-tictactoe/node_modules/jasmine-core/lib/jasmine-core/jasmine.js:1980:24)
    at QueueRunner.run (/home/birkirfreyr/Desktop/3vikna/dt1/reference-tictactoe/node_modules/jasmine-core/lib/jasmine-core/jasmine.js:1935:9)
    at /home/birkirfreyr/Desktop/3vikna/dt1/reference-tictactoe/node_modules/jasmine-core/lib/jasmine-core/jasmine.js:1962:16
    at /home/birkirfreyr/Desktop/3vikna/dt1/reference-tictactoe/node_modules/jasmine-core/lib/jasmine-core/jasmine.js:1905:9
    at Timeout.<anonymous> (/home/birkirfreyr/Desktop/3vikna/dt1/reference-tictactoe/node_modules/jasmine-core/lib/jasmine-core/jasmine.js:1975:11)
    at ontimeout (timers.js:365:14)
    at tryOnTimeout (timers.js:237:5)
    at Timer.listOnTimeout (timers.js:207:5)]]>
   </failure>
   <failure type="exception" message="TypeError: Cannot read property &apos;disconnect&apos; of undefined"><![CDATA[TypeError: Cannot read property 'disconnect' of undefined
    at Object.<anonymous> (/home/birkirfreyr/Desktop/3vikna/dt1/reference-tictactoe/apitest/chat.spec.js:29:13)
    at attemptSync (/home/birkirfreyr/Desktop/3vikna/dt1/reference-tictactoe/node_modules/jasmine-core/lib/jasmine-core/jasmine.js:1950:24)
    at QueueRunner.run (/home/birkirfreyr/Desktop/3vikna/dt1/reference-tictactoe/node_modules/jasmine-core/lib/jasmine-core/jasmine.js:1938:9)
    at /home/birkirfreyr/Desktop/3vikna/dt1/reference-tictactoe/node_modules/jasmine-core/lib/jasmine-core/jasmine.js:1962:16
    at /home/birkirfreyr/Desktop/3vikna/dt1/reference-tictactoe/node_modules/jasmine-core/lib/jasmine-core/jasmine.js:1905:9
    at attemptAsync (/home/birkirfreyr/Desktop/3vikna/dt1/reference-tictactoe/node_modules/jasmine-core/lib/jasmine-core/jasmine.js:1983:9)
    at QueueRunner.run (/home/birkirfreyr/Desktop/3vikna/dt1/reference-tictactoe/node_modules/jasmine-core/lib/jasmine-core/jasmine.js:1935:9)
    at /home/birkirfreyr/Desktop/3vikna/dt1/reference-tictactoe/node_modules/jasmine-core/lib/jasmine-core/jasmine.js:1962:16
    at /home/birkirfreyr/Desktop/3vikna/dt1/reference-tictactoe/node_modules/jasmine-core/lib/jasmine-core/jasmine.js:1905:9
    at Timeout.<anonymous> (/home/birkirfreyr/Desktop/3vikna/dt1/reference-tictactoe/node_modules/jasmine-core/lib/jasmine-core/jasmine.js:1975:11)]]>
   </failure>
  </testcase>
 </testsuite>
</testsuites>