<?xml version="1.0" encoding="UTF-8" ?>
<testsuites>
 <testsuite name="create game command" timestamp="2016-12-13T19:32:57" hostname="localhost" time="0.015" errors="0" tests="1" skipped="0" disabled="0" failures="0">
  <testcase classname="create game command" name="should emit game created event" time="0.015" />
 </testsuite>
</testsuites>