<?xml version="1.0" encoding="UTF-8" ?>
<testsuites>
 <testsuite name="place move game command" timestamp="2016-12-17T18:56:26" hostname="localhost" time="0.009" errors="0" tests="4" skipped="0" disabled="0" failures="1">
  <testcase classname="place move game command" name="should emit MovePlaced on first game move" time="0.001" />
  <testcase classname="place move game command" name="should emit IllegalMove when square is already occupied" time="0.001" />
  <testcase classname="place move game command" name="should emit NotYourMove if attempting to make move out of turn" time="0.001" />
  <testcase classname="place move game command" name="should emit gameWon if same side is matching 3 times" time="0.006">
   <failure type="exception" message="AssertionError: expected &apos;[{&quot;type&quot;:&quot;MovePlaced&quot;,&quot;user&quot;:{&quot;userName&quot;:&quot;TheGuy&quot;},&quot;name&quot;:&quot;TheFirstGame&quot;,&quot;timeStamp&quot;:&quot;2014-12-02T11:29:29&quot;,&quot;side&quot;:&quot;X&quot;,&quot;cords&quot;:{&quot;x&quot;:2,&quot;y&quot;:0}}]&apos; to be &apos;[{&quot;type&quot;:&quot;GameWon&quot;,&quot;user&quot;:{&quot;userName&quot;:&quot;TheGuy&quot;},&quot;name&quot;:&quot;TheFirstGame&quot;,&quot;timeStamp&quot;:&quot;2014-12-02T11:29:29&quot;,&quot;side&quot;:&quot;X&quot;,&quot;cords&quot;:{&quot;x&quot;:1,&quot;y&quot;:0}}]&apos;"><![CDATA[AssertionError: expected '[{"type":"MovePlaced","user":{"userName":"TheGuy"},"name":"TheFirstGame","timeStamp":"2014-12-02T11:29:29","side":"X","cords":{"x":2,"y":0}}]' to be '[{"type":"GameWon","user":{"userName":"TheGuy"},"name":"TheFirstGame","timeStamp":"2014-12-02T11:29:29","side":"X","cords":{"x":1,"y":0}}]'
    at Assertion.fail (/home/birkirfreyr/Desktop/3vikna/dt1/reference-tictactoe/node_modules/should/cjs/should.js:205:17)
    at Assertion.value (/home/birkirfreyr/Desktop/3vikna/dt1/reference-tictactoe/node_modules/should/cjs/should.js:277:19)
    at /home/birkirfreyr/Desktop/3vikna/dt1/reference-tictactoe/server/socket-app/tictactoe/tictactoe-game.spec.js:200:53
    at Object.PlaceMove (/home/birkirfreyr/Desktop/3vikna/dt1/reference-tictactoe/server/socket-app/tictactoe/tictactoe-handler.js:81:25)
    at Object.executeCommand (/home/birkirfreyr/Desktop/3vikna/dt1/reference-tictactoe/server/socket-app/tictactoe/tictactoe-handler.js:93:38)
    at Object.<anonymous> (/home/birkirfreyr/Desktop/3vikna/dt1/reference-tictactoe/server/socket-app/tictactoe/tictactoe-game.spec.js:199:26)
    at attemptSync (/home/birkirfreyr/Desktop/3vikna/dt1/reference-tictactoe/node_modules/jasmine-core/lib/jasmine-core/jasmine.js:1950:24)
    at QueueRunner.run (/home/birkirfreyr/Desktop/3vikna/dt1/reference-tictactoe/node_modules/jasmine-core/lib/jasmine-core/jasmine.js:1938:9)
    at QueueRunner.execute (/home/birkirfreyr/Desktop/3vikna/dt1/reference-tictactoe/node_modules/jasmine-core/lib/jasmine-core/jasmine.js:1923:10)
    at Spec.queueRunnerFactory (/home/birkirfreyr/Desktop/3vikna/dt1/reference-tictactoe/node_modules/jasmine-core/lib/jasmine-core/jasmine.js:714:35)]]>
   </failure>
  </testcase>
 </testsuite>
</testsuites>