<?xml version="1.0" encoding="UTF-8" ?>
<testsuites>
 <testsuite name="place move game command" timestamp="2016-12-13T19:32:57" hostname="localhost" time="0.001" errors="0" tests="1" skipped="0" disabled="0" failures="0">
  <testcase classname="place move game command" name="should emit MovePlaced on first game move" time="0.001" />
 </testsuite>
</testsuites>