<?xml version="1.0" encoding="UTF-8" ?>
<testsuites>
 <testsuite name="join game command" timestamp="2016-12-13T16:44:22" hostname="localhost" time="0.002" errors="0" tests="2" skipped="0" disabled="0" failures="0">
  <testcase classname="join game command" name="should emit game joined event..." time="0.001" />
  <testcase classname="join game command" name="should emit FullGameJoinAttempted event when game full.." time="0.001" />
 </testsuite>
</testsuites>