<?xml version="1.0" encoding="UTF-8" ?>
<testsuites>
 <testsuite name="place move game command" timestamp="2016-12-17T18:48:43" hostname="localhost" time="0.004" errors="0" tests="3" skipped="0" disabled="0" failures="0">
  <testcase classname="place move game command" name="should emit MovePlaced on first game move" time="0.001" />
  <testcase classname="place move game command" name="should emit IllegalMove when square is already occupied" time="0" />
  <testcase classname="place move game command" name="should emit NotYourMove if attempting to make move out of turn" time="0.002" />
 </testsuite>
</testsuites>